{
  "stats": {
    "suites": 1,
    "tests": 1,
    "passes": 1,
    "pending": 0,
    "failures": 0,
    "start": "2022-07-21T10:28:32.969Z",
    "end": "2022-07-21T10:28:42.202Z",
    "duration": 9233,
    "testsRegistered": 1,
    "passPercent": 100,
    "pendingPercent": 0,
    "other": 0,
    "hasOther": false,
    "skipped": 0,
    "hasSkipped": false
  },
  "results": [
    {
      "uuid": "6dae6bd3-427f-44f6-85c2-562c765f6400",
      "title": "",
      "fullFile": "cypress/e2e/createprojectspace.cy.js",
      "file": "cypress/e2e/createprojectspace.cy.js",
      "beforeHooks": [],
      "afterHooks": [],
      "tests": [],
      "suites": [
        {
          "uuid": "ade20807-1a11-485c-ad30-552339b25ddd",
          "title": "ezOneUiTest",
          "fullFile": "",
          "file": "",
          "beforeHooks": [],
          "afterHooks": [],
          "tests": [
            {
              "title": "create proejctspace",
              "fullTitle": "ezOneUiTest create proejctspace",
              "timedOut": null,
              "duration": 8341,
              "state": "passed",
              "speed": "medium",
              "pass": true,
              "fail": false,
              "pending": false,
              "context": null,
              "code": "cy.visit('http://test321.ezone-test.work/ezProject'); // cy.contains('我的工作台').click()\ncy.contains('项目管理').click();\ncy.contains('新 建').click();\ncy.get(\"#new-project_name\").type(\"uiautocreateproject\");\ncy.get(\"#new-project_key\").type(\"uiautocreateproject\");\ncy.get(\"#new-project_description\").type(\"uiautocreateproject\");\ncy.get(\"#new-project_projectTemplateId\").click();\ncy.contains(\"软件研发\").click();\ncy.contains('确 定').click();\ncy.xpath('/html[1]/body[1]/div[3]/div[2]/div[1]/div[2]/div[2]/div[1]/div[1]/div[1]/span[1]').should('contain', \"uiautocreateproject\");\ncy.contains('项目管理').click();\ncy.contains('设置').click();\ncy.contains('运维操作').click();\ncy.get('button.ant-btn.ant-btn-danger').click();\ncy.get('[placeholder=\"请输入完整的项目英文标识\"]').type('uiautocreateproject');\ncy.get('button.ant-btn.ant-btn-primary:nth-child(2)').click();\ncy.contains(\"成功删除项目\").should('contain', \"成功删除项目\");",
              "err": {},
              "uuid": "805e2aab-d6cb-496b-8df1-129487d7b683",
              "parentUUID": "ade20807-1a11-485c-ad30-552339b25ddd",
              "isHook": false,
              "skipped": false
            }
          ],
          "suites": [],
          "passes": [
            "805e2aab-d6cb-496b-8df1-129487d7b683"
          ],
          "failures": [],
          "pending": [],
          "skipped": [],
          "duration": 8341,
          "root": false,
          "rootEmpty": false,
          "_timeout": 2000
        }
      ],
      "passes": [],
      "failures": [],
      "pending": [],
      "skipped": [],
      "duration": 0,
      "root": true,
      "rootEmpty": true,
      "_timeout": 2000
    }
  ],
  "meta": {
    "mocha": {
      "version": "7.0.1"
    },
    "mochawesome": {
      "options": {
        "quiet": false,
        "reportFilename": "mochawesome",
        "saveHtml": false,
        "saveJson": true,
        "consoleReporter": "spec",
        "useInlineDiffs": false,
        "code": true
      },
      "version": "7.1.3"
    },
    "marge": {
      "options": {
        "reportDir": "cypress/results",
        "overwrite": false,
        "html": false,
        "json": true
      },
      "version": "6.2.0"
    }
  }
}