{
  "stats": {
    "suites": 1,
    "tests": 1,
    "passes": 1,
    "pending": 0,
    "failures": 0,
    "start": "2022-07-21T10:28:30.558Z",
    "end": "2022-07-21T10:28:30.749Z",
    "duration": 191,
    "testsRegistered": 1,
    "passPercent": 100,
    "pendingPercent": 0,
    "other": 0,
    "hasOther": false,
    "skipped": 0,
    "hasSkipped": false
  },
  "results": [
    {
      "uuid": "8c939fee-d92b-4385-8bf8-4461cfb42523",
      "title": "",
      "fullFile": "cypress/e2e/apilogin.cy.js",
      "file": "cypress/e2e/apilogin.cy.js",
      "beforeHooks": [],
      "afterHooks": [],
      "tests": [],
      "suites": [
        {
          "uuid": "151e7b81-b93a-486b-8c77-17f830a60229",
          "title": "ezOneUiTest",
          "fullFile": "",
          "file": "",
          "beforeHooks": [],
          "afterHooks": [],
          "tests": [
            {
              "title": "apilogin ",
              "fullTitle": "ezOneUiTest apilogin ",
              "timedOut": null,
              "duration": 128,
              "state": "passed",
              "speed": "fast",
              "pass": true,
              "fail": false,
              "pending": false,
              "context": null,
              "code": "cy.request({\n  url: 'http://test321.ezone-test.work/v1/ezbase/iam/authenticate/login',\n  method: 'POST',\n  // form:true,  // indicates the body should be form urlencoded and sets Content-Type: application/x-www-form-urlencoded headers\n  headers: {\n    \"Content-Type\": \"application/json\"\n  },\n  body: {\n    \"credential\": \"amlhbmRhbmxpYW5nZGlhbjEyMzQ1Ng==\",\n    \"identifier\": \"afei\",\n    \"remember\": \"true\",\n    \"authenticationType\": \"PASSWORD\"\n  }\n}).then(response => {\n  // assert status code is 200\n  expect(response.status).to.be.equal(200);\n  expect(response.body).to.have.property('code', 0); // assert body contains success\n});",
              "err": {},
              "uuid": "8040c8df-02fd-4ea4-b123-91502b086463",
              "parentUUID": "151e7b81-b93a-486b-8c77-17f830a60229",
              "isHook": false,
              "skipped": false
            }
          ],
          "suites": [],
          "passes": [
            "8040c8df-02fd-4ea4-b123-91502b086463"
          ],
          "failures": [],
          "pending": [],
          "skipped": [],
          "duration": 128,
          "root": false,
          "rootEmpty": false,
          "_timeout": 2000
        }
      ],
      "passes": [],
      "failures": [],
      "pending": [],
      "skipped": [],
      "duration": 0,
      "root": true,
      "rootEmpty": true,
      "_timeout": 2000
    }
  ],
  "meta": {
    "mocha": {
      "version": "7.0.1"
    },
    "mochawesome": {
      "options": {
        "quiet": false,
        "reportFilename": "mochawesome",
        "saveHtml": false,
        "saveJson": true,
        "consoleReporter": "spec",
        "useInlineDiffs": false,
        "code": true
      },
      "version": "7.1.3"
    },
    "marge": {
      "options": {
        "reportDir": "cypress/results",
        "overwrite": false,
        "html": false,
        "json": true
      },
      "version": "6.2.0"
    }
  }
}