{
  "stats": {
    "suites": 1,
    "tests": 1,
    "passes": 1,
    "pending": 0,
    "failures": 0,
    "start": "2022-07-21T10:28:44.845Z",
    "end": "2022-07-21T10:28:49.103Z",
    "duration": 4258,
    "testsRegistered": 1,
    "passPercent": 100,
    "pendingPercent": 0,
    "other": 0,
    "hasOther": false,
    "skipped": 0,
    "hasSkipped": false
  },
  "results": [
    {
      "uuid": "4defce32-e7db-4133-ad6a-265fabe3ff4a",
      "title": "",
      "fullFile": "cypress/e2e/login.spec.cy.js",
      "file": "cypress/e2e/login.spec.cy.js",
      "beforeHooks": [],
      "afterHooks": [],
      "tests": [],
      "suites": [
        {
          "uuid": "4b7907ef-b5c2-42c5-b9d2-d97c5303b977",
          "title": "ezOneUiTest",
          "fullFile": "",
          "file": "",
          "beforeHooks": [],
          "afterHooks": [],
          "tests": [
            {
              "title": "login",
              "fullTitle": "ezOneUiTest login",
              "timedOut": null,
              "duration": 3479,
              "state": "passed",
              "speed": "fast",
              "pass": true,
              "fail": false,
              "pending": false,
              "context": null,
              "code": "cy.visit('http://test321.ezone-test.work/');\ncy.contains('登录').click();\ncy.get(\"#sign-in_identifier\").type(\"afei\");\ncy.get(\"#sign-in_credential\").type(\"jiandanliangdian123456\");\ncy.contains('登 录').click();",
              "err": {},
              "uuid": "9a28b75e-c8c1-4a65-a90b-31178dd6ecdc",
              "parentUUID": "4b7907ef-b5c2-42c5-b9d2-d97c5303b977",
              "isHook": false,
              "skipped": false
            }
          ],
          "suites": [],
          "passes": [
            "9a28b75e-c8c1-4a65-a90b-31178dd6ecdc"
          ],
          "failures": [],
          "pending": [],
          "skipped": [],
          "duration": 3479,
          "root": false,
          "rootEmpty": false,
          "_timeout": 2000
        }
      ],
      "passes": [],
      "failures": [],
      "pending": [],
      "skipped": [],
      "duration": 0,
      "root": true,
      "rootEmpty": true,
      "_timeout": 2000
    }
  ],
  "meta": {
    "mocha": {
      "version": "7.0.1"
    },
    "mochawesome": {
      "options": {
        "quiet": false,
        "reportFilename": "mochawesome",
        "saveHtml": false,
        "saveJson": true,
        "consoleReporter": "spec",
        "useInlineDiffs": false,
        "code": true
      },
      "version": "7.1.3"
    },
    "marge": {
      "options": {
        "reportDir": "cypress/results",
        "overwrite": false,
        "html": false,
        "json": true
      },
      "version": "6.2.0"
    }
  }
}